2014/09/28 17:24:41 [error] [exception.CException] exception 'CException' with message 'Property "CDbConnection.tableIndex" is not defined.' in D:\OpenServer\yii\framework\base\CComponent.php:173
Stack trace:
#0 D:\OpenServer\yii\framework\YiiBase.php(220): CComponent->__set('tableIndex', 'm_')
#1 D:\OpenServer\yii\framework\base\CModule.php(386): YiiBase::createComponent(Array)
#2 D:\OpenServer\yii\framework\base\CModule.php(103): CModule->getComponent('db')
#3 D:\OpenServer\yii\framework\gii\generators\model\ModelCode.php(60): CModule->__get('db')
#4 D:\OpenServer\yii\framework\web\CFormModel.php(39): ModelCode->init()
#5 D:\OpenServer\yii\framework\gii\CCodeGenerator.php(153): CFormModel->__construct()
#6 D:\OpenServer\yii\framework\gii\CCodeGenerator.php(63): CCodeGenerator->prepare()
#7 D:\OpenServer\yii\framework\web\actions\CInlineAction.php(49): CCodeGenerator->actionIndex()
#8 D:\OpenServer\yii\framework\web\CController.php(308): CInlineAction->runWithParams(Array)
#9 D:\OpenServer\yii\framework\web\CController.php(286): CController->runAction(Object(CInlineAction))
#10 D:\OpenServer\yii\framework\web\CController.php(265): CController->runActionWithFilters(Object(CInlineAction), Array)
#11 D:\OpenServer\yii\framework\web\CWebApplication.php(282): CController->run('index')
#12 D:\OpenServer\yii\framework\web\CWebApplication.php(141): CWebApplication->runController('gii/model/index')
#13 D:\OpenServer\yii\framework\base\CApplication.php(180): CWebApplication->processRequest()
#14 D:\OpenServer\domains\moto\index.php(13): CApplication->run()
#15 {main}
REQUEST_URI=/index.php/gii/model/index
HTTP_REFERER=http://moto/index.php/gii/default/index
---
2014/09/28 17:25:00 [error] [exception.CException] exception 'CException' with message 'Property "CDbConnection.tableIndex" is not defined.' in D:\OpenServer\yii\framework\base\CComponent.php:173
Stack trace:
#0 D:\OpenServer\yii\framework\YiiBase.php(220): CComponent->__set('tableIndex', 'm_')
#1 D:\OpenServer\yii\framework\base\CModule.php(386): YiiBase::createComponent(Array)
#2 D:\OpenServer\yii\framework\base\CModule.php(103): CModule->getComponent('db')
#3 D:\OpenServer\yii\framework\gii\generators\model\ModelCode.php(60): CModule->__get('db')
#4 D:\OpenServer\yii\framework\web\CFormModel.php(39): ModelCode->init()
#5 D:\OpenServer\yii\framework\gii\CCodeGenerator.php(153): CFormModel->__construct()
#6 D:\OpenServer\yii\framework\gii\CCodeGenerator.php(63): CCodeGenerator->prepare()
#7 D:\OpenServer\yii\framework\web\actions\CInlineAction.php(49): CCodeGenerator->actionIndex()
#8 D:\OpenServer\yii\framework\web\CController.php(308): CInlineAction->runWithParams(Array)
#9 D:\OpenServer\yii\framework\web\CController.php(286): CController->runAction(Object(CInlineAction))
#10 D:\OpenServer\yii\framework\web\CController.php(265): CController->runActionWithFilters(Object(CInlineAction), Array)
#11 D:\OpenServer\yii\framework\web\CWebApplication.php(282): CController->run('index')
#12 D:\OpenServer\yii\framework\web\CWebApplication.php(141): CWebApplication->runController('gii/model/index')
#13 D:\OpenServer\yii\framework\base\CApplication.php(180): CWebApplication->processRequest()
#14 D:\OpenServer\domains\moto\index.php(13): CApplication->run()
#15 {main}
REQUEST_URI=/index.php/gii/model/index
HTTP_REFERER=http://moto/index.php/gii/default/index
---
2014/09/28 17:26:38 [error] [exception.CException] exception 'CException' with message 'Property "CDbConnection.tableIndex" is not defined.' in D:\OpenServer\yii\framework\base\CComponent.php:173
Stack trace:
#0 D:\OpenServer\yii\framework\YiiBase.php(220): CComponent->__set('tableIndex', 'm_')
#1 D:\OpenServer\yii\framework\base\CModule.php(386): YiiBase::createComponent(Array)
#2 D:\OpenServer\yii\framework\base\CModule.php(103): CModule->getComponent('db')
#3 D:\OpenServer\yii\framework\gii\generators\model\ModelCode.php(60): CModule->__get('db')
#4 D:\OpenServer\yii\framework\web\CFormModel.php(39): ModelCode->init()
#5 D:\OpenServer\yii\framework\gii\CCodeGenerator.php(153): CFormModel->__construct()
#6 D:\OpenServer\yii\framework\gii\CCodeGenerator.php(63): CCodeGenerator->prepare()
#7 D:\OpenServer\yii\framework\web\actions\CInlineAction.php(49): CCodeGenerator->actionIndex()
#8 D:\OpenServer\yii\framework\web\CController.php(308): CInlineAction->runWithParams(Array)
#9 D:\OpenServer\yii\framework\web\CController.php(286): CController->runAction(Object(CInlineAction))
#10 D:\OpenServer\yii\framework\web\CController.php(265): CController->runActionWithFilters(Object(CInlineAction), Array)
#11 D:\OpenServer\yii\framework\web\CWebApplication.php(282): CController->run('index')
#12 D:\OpenServer\yii\framework\web\CWebApplication.php(141): CWebApplication->runController('gii/model/index')
#13 D:\OpenServer\yii\framework\base\CApplication.php(180): CWebApplication->processRequest()
#14 D:\OpenServer\domains\moto\index.php(13): CApplication->run()
#15 {main}
REQUEST_URI=/index.php/gii/model/index
HTTP_REFERER=http://moto/index.php/gii/default/index
---
2014/09/28 17:26:38 [error] [exception.CException] exception 'CException' with message 'Property "CDbConnection.tableIndex" is not defined.' in D:\OpenServer\yii\framework\base\CComponent.php:173
Stack trace:
#0 D:\OpenServer\yii\framework\YiiBase.php(220): CComponent->__set('tableIndex', 'm_')
#1 D:\OpenServer\yii\framework\base\CModule.php(386): YiiBase::createComponent(Array)
#2 D:\OpenServer\yii\framework\base\CModule.php(103): CModule->getComponent('db')
#3 D:\OpenServer\yii\framework\gii\generators\model\ModelCode.php(60): CModule->__get('db')
#4 D:\OpenServer\yii\framework\web\CFormModel.php(39): ModelCode->init()
#5 D:\OpenServer\yii\framework\gii\CCodeGenerator.php(153): CFormModel->__construct()
#6 D:\OpenServer\yii\framework\gii\CCodeGenerator.php(63): CCodeGenerator->prepare()
#7 D:\OpenServer\yii\framework\web\actions\CInlineAction.php(49): CCodeGenerator->actionIndex()
#8 D:\OpenServer\yii\framework\web\CController.php(308): CInlineAction->runWithParams(Array)
#9 D:\OpenServer\yii\framework\web\CController.php(286): CController->runAction(Object(CInlineAction))
#10 D:\OpenServer\yii\framework\web\CController.php(265): CController->runActionWithFilters(Object(CInlineAction), Array)
#11 D:\OpenServer\yii\framework\web\CWebApplication.php(282): CController->run('index')
#12 D:\OpenServer\yii\framework\web\CWebApplication.php(141): CWebApplication->runController('gii/model/index')
#13 D:\OpenServer\yii\framework\base\CApplication.php(180): CWebApplication->processRequest()
#14 D:\OpenServer\domains\moto\index.php(13): CApplication->run()
#15 {main}
REQUEST_URI=/index.php/gii/model/index
HTTP_REFERER=http://moto/index.php/gii/default/index
---
2014/09/28 17:26:56 [error] [exception.CException] exception 'CException' with message 'Property "CDbConnection.tableIndex" is not defined.' in D:\OpenServer\yii\framework\base\CComponent.php:173
Stack trace:
#0 D:\OpenServer\yii\framework\YiiBase.php(220): CComponent->__set('tableIndex', 'm_')
#1 D:\OpenServer\yii\framework\base\CModule.php(386): YiiBase::createComponent(Array)
#2 D:\OpenServer\yii\framework\base\CModule.php(103): CModule->getComponent('db')
#3 D:\OpenServer\yii\framework\gii\generators\model\ModelCode.php(60): CModule->__get('db')
#4 D:\OpenServer\yii\framework\web\CFormModel.php(39): ModelCode->init()
#5 D:\OpenServer\yii\framework\gii\CCodeGenerator.php(153): CFormModel->__construct()
#6 D:\OpenServer\yii\framework\gii\CCodeGenerator.php(63): CCodeGenerator->prepare()
#7 D:\OpenServer\yii\framework\web\actions\CInlineAction.php(49): CCodeGenerator->actionIndex()
#8 D:\OpenServer\yii\framework\web\CController.php(308): CInlineAction->runWithParams(Array)
#9 D:\OpenServer\yii\framework\web\CController.php(286): CController->runAction(Object(CInlineAction))
#10 D:\OpenServer\yii\framework\web\CController.php(265): CController->runActionWithFilters(Object(CInlineAction), Array)
#11 D:\OpenServer\yii\framework\web\CWebApplication.php(282): CController->run('index')
#12 D:\OpenServer\yii\framework\web\CWebApplication.php(141): CWebApplication->runController('gii/model/index')
#13 D:\OpenServer\yii\framework\base\CApplication.php(180): CWebApplication->processRequest()
#14 D:\OpenServer\domains\moto\index.php(13): CApplication->run()
#15 {main}
REQUEST_URI=/index.php/gii/model/index
HTTP_REFERER=http://moto/index.php/gii/default/index
---
2014/09/28 17:26:57 [error] [exception.CException] exception 'CException' with message 'Property "CDbConnection.tableIndex" is not defined.' in D:\OpenServer\yii\framework\base\CComponent.php:173
Stack trace:
#0 D:\OpenServer\yii\framework\YiiBase.php(220): CComponent->__set('tableIndex', 'm_')
#1 D:\OpenServer\yii\framework\base\CModule.php(386): YiiBase::createComponent(Array)
#2 D:\OpenServer\yii\framework\base\CModule.php(103): CModule->getComponent('db')
#3 D:\OpenServer\yii\framework\gii\generators\model\ModelCode.php(60): CModule->__get('db')
#4 D:\OpenServer\yii\framework\web\CFormModel.php(39): ModelCode->init()
#5 D:\OpenServer\yii\framework\gii\CCodeGenerator.php(153): CFormModel->__construct()
#6 D:\OpenServer\yii\framework\gii\CCodeGenerator.php(63): CCodeGenerator->prepare()
#7 D:\OpenServer\yii\framework\web\actions\CInlineAction.php(49): CCodeGenerator->actionIndex()
#8 D:\OpenServer\yii\framework\web\CController.php(308): CInlineAction->runWithParams(Array)
#9 D:\OpenServer\yii\framework\web\CController.php(286): CController->runAction(Object(CInlineAction))
#10 D:\OpenServer\yii\framework\web\CController.php(265): CController->runActionWithFilters(Object(CInlineAction), Array)
#11 D:\OpenServer\yii\framework\web\CWebApplication.php(282): CController->run('index')
#12 D:\OpenServer\yii\framework\web\CWebApplication.php(141): CWebApplication->runController('gii/model/index')
#13 D:\OpenServer\yii\framework\base\CApplication.php(180): CWebApplication->processRequest()
#14 D:\OpenServer\domains\moto\index.php(13): CApplication->run()
#15 {main}
REQUEST_URI=/index.php/gii/model/index
HTTP_REFERER=http://moto/index.php/gii/default/index
---
2014/09/28 17:26:57 [error] [exception.CException] exception 'CException' with message 'Property "CDbConnection.tableIndex" is not defined.' in D:\OpenServer\yii\framework\base\CComponent.php:173
Stack trace:
#0 D:\OpenServer\yii\framework\YiiBase.php(220): CComponent->__set('tableIndex', 'm_')
#1 D:\OpenServer\yii\framework\base\CModule.php(386): YiiBase::createComponent(Array)
#2 D:\OpenServer\yii\framework\base\CModule.php(103): CModule->getComponent('db')
#3 D:\OpenServer\yii\framework\gii\generators\model\ModelCode.php(60): CModule->__get('db')
#4 D:\OpenServer\yii\framework\web\CFormModel.php(39): ModelCode->init()
#5 D:\OpenServer\yii\framework\gii\CCodeGenerator.php(153): CFormModel->__construct()
#6 D:\OpenServer\yii\framework\gii\CCodeGenerator.php(63): CCodeGenerator->prepare()
#7 D:\OpenServer\yii\framework\web\actions\CInlineAction.php(49): CCodeGenerator->actionIndex()
#8 D:\OpenServer\yii\framework\web\CController.php(308): CInlineAction->runWithParams(Array)
#9 D:\OpenServer\yii\framework\web\CController.php(286): CController->runAction(Object(CInlineAction))
#10 D:\OpenServer\yii\framework\web\CController.php(265): CController->runActionWithFilters(Object(CInlineAction), Array)
#11 D:\OpenServer\yii\framework\web\CWebApplication.php(282): CController->run('index')
#12 D:\OpenServer\yii\framework\web\CWebApplication.php(141): CWebApplication->runController('gii/model/index')
#13 D:\OpenServer\yii\framework\base\CApplication.php(180): CWebApplication->processRequest()
#14 D:\OpenServer\domains\moto\index.php(13): CApplication->run()
#15 {main}
REQUEST_URI=/index.php/gii/model/index
HTTP_REFERER=http://moto/index.php/gii/default/index
---
2014/09/28 17:26:58 [error] [exception.CException] exception 'CException' with message 'Property "CDbConnection.tableIndex" is not defined.' in D:\OpenServer\yii\framework\base\CComponent.php:173
Stack trace:
#0 D:\OpenServer\yii\framework\YiiBase.php(220): CComponent->__set('tableIndex', 'm_')
#1 D:\OpenServer\yii\framework\base\CModule.php(386): YiiBase::createComponent(Array)
#2 D:\OpenServer\yii\framework\base\CModule.php(103): CModule->getComponent('db')
#3 D:\OpenServer\yii\framework\gii\generators\model\ModelCode.php(60): CModule->__get('db')
#4 D:\OpenServer\yii\framework\web\CFormModel.php(39): ModelCode->init()
#5 D:\OpenServer\yii\framework\gii\CCodeGenerator.php(153): CFormModel->__construct()
#6 D:\OpenServer\yii\framework\gii\CCodeGenerator.php(63): CCodeGenerator->prepare()
#7 D:\OpenServer\yii\framework\web\actions\CInlineAction.php(49): CCodeGenerator->actionIndex()
#8 D:\OpenServer\yii\framework\web\CController.php(308): CInlineAction->runWithParams(Array)
#9 D:\OpenServer\yii\framework\web\CController.php(286): CController->runAction(Object(CInlineAction))
#10 D:\OpenServer\yii\framework\web\CController.php(265): CController->runActionWithFilters(Object(CInlineAction), Array)
#11 D:\OpenServer\yii\framework\web\CWebApplication.php(282): CController->run('index')
#12 D:\OpenServer\yii\framework\web\CWebApplication.php(141): CWebApplication->runController('gii/model/index')
#13 D:\OpenServer\yii\framework\base\CApplication.php(180): CWebApplication->processRequest()
#14 D:\OpenServer\domains\moto\index.php(13): CApplication->run()
#15 {main}
REQUEST_URI=/index.php/gii/model/index
HTTP_REFERER=http://moto/index.php/gii/default/index
---
2014/09/28 17:26:58 [error] [exception.CException] exception 'CException' with message 'Property "CDbConnection.tableIndex" is not defined.' in D:\OpenServer\yii\framework\base\CComponent.php:173
Stack trace:
#0 D:\OpenServer\yii\framework\YiiBase.php(220): CComponent->__set('tableIndex', 'm_')
#1 D:\OpenServer\yii\framework\base\CModule.php(386): YiiBase::createComponent(Array)
#2 D:\OpenServer\yii\framework\base\CModule.php(103): CModule->getComponent('db')
#3 D:\OpenServer\yii\framework\gii\generators\model\ModelCode.php(60): CModule->__get('db')
#4 D:\OpenServer\yii\framework\web\CFormModel.php(39): ModelCode->init()
#5 D:\OpenServer\yii\framework\gii\CCodeGenerator.php(153): CFormModel->__construct()
#6 D:\OpenServer\yii\framework\gii\CCodeGenerator.php(63): CCodeGenerator->prepare()
#7 D:\OpenServer\yii\framework\web\actions\CInlineAction.php(49): CCodeGenerator->actionIndex()
#8 D:\OpenServer\yii\framework\web\CController.php(308): CInlineAction->runWithParams(Array)
#9 D:\OpenServer\yii\framework\web\CController.php(286): CController->runAction(Object(CInlineAction))
#10 D:\OpenServer\yii\framework\web\CController.php(265): CController->runActionWithFilters(Object(CInlineAction), Array)
#11 D:\OpenServer\yii\framework\web\CWebApplication.php(282): CController->run('index')
#12 D:\OpenServer\yii\framework\web\CWebApplication.php(141): CWebApplication->runController('gii/model/index')
#13 D:\OpenServer\yii\framework\base\CApplication.php(180): CWebApplication->processRequest()
#14 D:\OpenServer\domains\moto\index.php(13): CApplication->run()
#15 {main}
REQUEST_URI=/index.php/gii/model/index
HTTP_REFERER=http://moto/index.php/gii/default/index
---
2014/09/28 17:26:58 [error] [exception.CException] exception 'CException' with message 'Property "CDbConnection.tableIndex" is not defined.' in D:\OpenServer\yii\framework\base\CComponent.php:173
Stack trace:
#0 D:\OpenServer\yii\framework\YiiBase.php(220): CComponent->__set('tableIndex', 'm_')
#1 D:\OpenServer\yii\framework\base\CModule.php(386): YiiBase::createComponent(Array)
#2 D:\OpenServer\yii\framework\base\CModule.php(103): CModule->getComponent('db')
#3 D:\OpenServer\yii\framework\gii\generators\model\ModelCode.php(60): CModule->__get('db')
#4 D:\OpenServer\yii\framework\web\CFormModel.php(39): ModelCode->init()
#5 D:\OpenServer\yii\framework\gii\CCodeGenerator.php(153): CFormModel->__construct()
#6 D:\OpenServer\yii\framework\gii\CCodeGenerator.php(63): CCodeGenerator->prepare()
#7 D:\OpenServer\yii\framework\web\actions\CInlineAction.php(49): CCodeGenerator->actionIndex()
#8 D:\OpenServer\yii\framework\web\CController.php(308): CInlineAction->runWithParams(Array)
#9 D:\OpenServer\yii\framework\web\CController.php(286): CController->runAction(Object(CInlineAction))
#10 D:\OpenServer\yii\framework\web\CController.php(265): CController->runActionWithFilters(Object(CInlineAction), Array)
#11 D:\OpenServer\yii\framework\web\CWebApplication.php(282): CController->run('index')
#12 D:\OpenServer\yii\framework\web\CWebApplication.php(141): CWebApplication->runController('gii/model/index')
#13 D:\OpenServer\yii\framework\base\CApplication.php(180): CWebApplication->processRequest()
#14 D:\OpenServer\domains\moto\index.php(13): CApplication->run()
#15 {main}
REQUEST_URI=/index.php/gii/model/index
HTTP_REFERER=http://moto/index.php/gii/default/index
---
2014/10/14 23:17:20 [error] [exception.CDbException] exception 'CDbException' with message 'CDbConnection failed to open the DB connection: SQLSTATE[42000] [1049] Unknown database 'moto_db'' in C:\OpenServer\yii\framework\db\CDbConnection.php:382
Stack trace:
#0 C:\OpenServer\yii\framework\db\CDbConnection.php(330): CDbConnection->open()
#1 C:\OpenServer\yii\framework\db\CDbConnection.php(308): CDbConnection->setActive(true)
#2 C:\OpenServer\yii\framework\base\CModule.php(387): CDbConnection->init()
#3 C:\OpenServer\yii\framework\base\CApplication.php(450): CModule->getComponent('db')
#4 C:\OpenServer\yii\framework\db\ar\CActiveRecord.php(634): CApplication->getDb()
#5 C:\OpenServer\yii\framework\db\ar\CActiveRecord.php(667): CActiveRecord->getDbConnection()
#6 C:\OpenServer\yii\framework\db\ar\CActiveRecord.php(1595): CActiveRecord->getCommandBuilder()
#7 C:\OpenServer\yii\framework\web\CActiveDataProvider.php(228): CActiveRecord->count(Object(CDbCriteria))
#8 C:\OpenServer\yii\framework\web\CDataProvider.php(224): CActiveDataProvider->calculateTotalItemCount()
#9 C:\OpenServer\yii\framework\web\CActiveDataProvider.php(178): CDataProvider->getTotalItemCount()
#10 C:\OpenServer\yii\framework\web\CDataProvider.php(168): CActiveDataProvider->fetchData()
#11 C:\OpenServer\yii\framework\zii\widgets\CBaseListView.php(111): CDataProvider->getData()
#12 C:\OpenServer\yii\framework\zii\widgets\CListView.php(211): CBaseListView->init()
#13 C:\OpenServer\yii\framework\web\CBaseController.php(147): CListView->init()
#14 C:\OpenServer\yii\framework\web\CBaseController.php(172): CBaseController->createWidget('zii.widgets.CLi...', Array)
#15 C:\OpenServer\domains\moto\protected\views\news\index.php(20): CBaseController->widget('zii.widgets.CLi...', Array)
#16 C:\OpenServer\yii\framework\web\CBaseController.php(126): require('C:\OpenServer\d...')
#17 C:\OpenServer\yii\framework\web\CBaseController.php(95): CBaseController->renderInternal('C:\OpenServer\d...', Array, true)
#18 C:\OpenServer\yii\framework\web\CController.php(869): CBaseController->renderFile('C:\OpenServer\d...', Array, true)
#19 C:\OpenServer\yii\framework\web\CController.php(782): CController->renderPartial('index', Array, true)
#20 C:\OpenServer\domains\moto\protected\controllers\NewsController.php(128): CController->render('index', Array)
#21 C:\OpenServer\yii\framework\web\actions\CInlineAction.php(49): NewsController->actionIndex()
#22 C:\OpenServer\yii\framework\web\CController.php(308): CInlineAction->runWithParams(Array)
#23 C:\OpenServer\yii\framework\web\filters\CFilterChain.php(133): CController->runAction(Object(CInlineAction))
#24 C:\OpenServer\yii\framework\web\filters\CFilter.php(40): CFilterChain->run()
#25 C:\OpenServer\yii\framework\web\CController.php(1145): CFilter->filter(Object(CFilterChain))
#26 C:\OpenServer\yii\framework\web\filters\CInlineFilter.php(58): CController->filterAccessControl(Object(CFilterChain))
#27 C:\OpenServer\yii\framework\web\filters\CFilterChain.php(130): CInlineFilter->filter(Object(CFilterChain))
#28 C:\OpenServer\yii\framework\web\CController.php(291): CFilterChain->run()
#29 C:\OpenServer\yii\framework\web\CController.php(265): CController->runActionWithFilters(Object(CInlineAction), Array)
#30 C:\OpenServer\yii\framework\web\CWebApplication.php(282): CController->run('index')
#31 C:\OpenServer\yii\framework\web\CWebApplication.php(141): CWebApplication->runController('news/index')
#32 C:\OpenServer\yii\framework\base\CApplication.php(180): CWebApplication->processRequest()
#33 C:\OpenServer\domains\moto\index.php(13): CApplication->run()
#34 {main}
REQUEST_URI=/index.php/news/index
HTTP_REFERER=http://moto/
---
2014/10/14 23:21:28 [error] [exception.CDbException] exception 'CDbException' with message 'CDbConnection failed to open the DB connection: SQLSTATE[42000] [1049] Unknown database 'moto_db'' in C:\OpenServer\yii\framework\db\CDbConnection.php:382
Stack trace:
#0 C:\OpenServer\yii\framework\db\CDbConnection.php(330): CDbConnection->open()
#1 C:\OpenServer\yii\framework\db\CDbConnection.php(308): CDbConnection->setActive(true)
#2 C:\OpenServer\yii\framework\base\CModule.php(387): CDbConnection->init()
#3 C:\OpenServer\yii\framework\base\CApplication.php(450): CModule->getComponent('db')
#4 C:\OpenServer\yii\framework\db\ar\CActiveRecord.php(634): CApplication->getDb()
#5 C:\OpenServer\yii\framework\db\ar\CActiveRecord.php(667): CActiveRecord->getDbConnection()
#6 C:\OpenServer\yii\framework\db\ar\CActiveRecord.php(1595): CActiveRecord->getCommandBuilder()
#7 C:\OpenServer\yii\framework\web\CActiveDataProvider.php(228): CActiveRecord->count(Object(CDbCriteria))
#8 C:\OpenServer\yii\framework\web\CDataProvider.php(224): CActiveDataProvider->calculateTotalItemCount()
#9 C:\OpenServer\yii\framework\web\CActiveDataProvider.php(178): CDataProvider->getTotalItemCount()
#10 C:\OpenServer\yii\framework\web\CDataProvider.php(168): CActiveDataProvider->fetchData()
#11 C:\OpenServer\yii\framework\zii\widgets\CBaseListView.php(111): CDataProvider->getData()
#12 C:\OpenServer\yii\framework\zii\widgets\CListView.php(211): CBaseListView->init()
#13 C:\OpenServer\yii\framework\web\CBaseController.php(147): CListView->init()
#14 C:\OpenServer\yii\framework\web\CBaseController.php(172): CBaseController->createWidget('zii.widgets.CLi...', Array)
#15 C:\OpenServer\domains\moto\protected\views\news\index.php(20): CBaseController->widget('zii.widgets.CLi...', Array)
#16 C:\OpenServer\yii\framework\web\CBaseController.php(126): require('C:\OpenServer\d...')
#17 C:\OpenServer\yii\framework\web\CBaseController.php(95): CBaseController->renderInternal('C:\OpenServer\d...', Array, true)
#18 C:\OpenServer\yii\framework\web\CController.php(869): CBaseController->renderFile('C:\OpenServer\d...', Array, true)
#19 C:\OpenServer\yii\framework\web\CController.php(782): CController->renderPartial('index', Array, true)
#20 C:\OpenServer\domains\moto\protected\controllers\NewsController.php(128): CController->render('index', Array)
#21 C:\OpenServer\yii\framework\web\actions\CInlineAction.php(49): NewsController->actionIndex()
#22 C:\OpenServer\yii\framework\web\CController.php(308): CInlineAction->runWithParams(Array)
#23 C:\OpenServer\yii\framework\web\filters\CFilterChain.php(133): CController->runAction(Object(CInlineAction))
#24 C:\OpenServer\yii\framework\web\filters\CFilter.php(40): CFilterChain->run()
#25 C:\OpenServer\yii\framework\web\CController.php(1145): CFilter->filter(Object(CFilterChain))
#26 C:\OpenServer\yii\framework\web\filters\CInlineFilter.php(58): CController->filterAccessControl(Object(CFilterChain))
#27 C:\OpenServer\yii\framework\web\filters\CFilterChain.php(130): CInlineFilter->filter(Object(CFilterChain))
#28 C:\OpenServer\yii\framework\web\CController.php(291): CFilterChain->run()
#29 C:\OpenServer\yii\framework\web\CController.php(265): CController->runActionWithFilters(Object(CInlineAction), Array)
#30 C:\OpenServer\yii\framework\web\CWebApplication.php(282): CController->run('index')
#31 C:\OpenServer\yii\framework\web\CWebApplication.php(141): CWebApplication->runController('news/index')
#32 C:\OpenServer\yii\framework\base\CApplication.php(180): CWebApplication->processRequest()
#33 C:\OpenServer\domains\moto\index.php(13): CApplication->run()
#34 {main}
REQUEST_URI=/index.php/news/index
HTTP_REFERER=http://moto/
---
2014/10/14 23:23:01 [error] [exception.CDbException] exception 'CDbException' with message 'CDbConnection failed to open the DB connection: SQLSTATE[42000] [1049] Unknown database 'site_db'' in C:\OpenServer\yii\framework\db\CDbConnection.php:382
Stack trace:
#0 C:\OpenServer\yii\framework\db\CDbConnection.php(330): CDbConnection->open()
#1 C:\OpenServer\yii\framework\db\CDbConnection.php(308): CDbConnection->setActive(true)
#2 C:\OpenServer\yii\framework\base\CModule.php(387): CDbConnection->init()
#3 C:\OpenServer\yii\framework\base\CApplication.php(450): CModule->getComponent('db')
#4 C:\OpenServer\yii\framework\db\ar\CActiveRecord.php(634): CApplication->getDb()
#5 C:\OpenServer\yii\framework\db\ar\CActiveRecord.php(667): CActiveRecord->getDbConnection()
#6 C:\OpenServer\yii\framework\db\ar\CActiveRecord.php(1595): CActiveRecord->getCommandBuilder()
#7 C:\OpenServer\yii\framework\web\CActiveDataProvider.php(228): CActiveRecord->count(Object(CDbCriteria))
#8 C:\OpenServer\yii\framework\web\CDataProvider.php(224): CActiveDataProvider->calculateTotalItemCount()
#9 C:\OpenServer\yii\framework\web\CActiveDataProvider.php(178): CDataProvider->getTotalItemCount()
#10 C:\OpenServer\yii\framework\web\CDataProvider.php(168): CActiveDataProvider->fetchData()
#11 C:\OpenServer\yii\framework\zii\widgets\CBaseListView.php(111): CDataProvider->getData()
#12 C:\OpenServer\yii\framework\zii\widgets\CListView.php(211): CBaseListView->init()
#13 C:\OpenServer\yii\framework\web\CBaseController.php(147): CListView->init()
#14 C:\OpenServer\yii\framework\web\CBaseController.php(172): CBaseController->createWidget('zii.widgets.CLi...', Array)
#15 C:\OpenServer\domains\moto\protected\views\news\index.php(20): CBaseController->widget('zii.widgets.CLi...', Array)
#16 C:\OpenServer\yii\framework\web\CBaseController.php(126): require('C:\OpenServer\d...')
#17 C:\OpenServer\yii\framework\web\CBaseController.php(95): CBaseController->renderInternal('C:\OpenServer\d...', Array, true)
#18 C:\OpenServer\yii\framework\web\CController.php(869): CBaseController->renderFile('C:\OpenServer\d...', Array, true)
#19 C:\OpenServer\yii\framework\web\CController.php(782): CController->renderPartial('index', Array, true)
#20 C:\OpenServer\domains\moto\protected\controllers\NewsController.php(128): CController->render('index', Array)
#21 C:\OpenServer\yii\framework\web\actions\CInlineAction.php(49): NewsController->actionIndex()
#22 C:\OpenServer\yii\framework\web\CController.php(308): CInlineAction->runWithParams(Array)
#23 C:\OpenServer\yii\framework\web\filters\CFilterChain.php(133): CController->runAction(Object(CInlineAction))
#24 C:\OpenServer\yii\framework\web\filters\CFilter.php(40): CFilterChain->run()
#25 C:\OpenServer\yii\framework\web\CController.php(1145): CFilter->filter(Object(CFilterChain))
#26 C:\OpenServer\yii\framework\web\filters\CInlineFilter.php(58): CController->filterAccessControl(Object(CFilterChain))
#27 C:\OpenServer\yii\framework\web\filters\CFilterChain.php(130): CInlineFilter->filter(Object(CFilterChain))
#28 C:\OpenServer\yii\framework\web\CController.php(291): CFilterChain->run()
#29 C:\OpenServer\yii\framework\web\CController.php(265): CController->runActionWithFilters(Object(CInlineAction), Array)
#30 C:\OpenServer\yii\framework\web\CWebApplication.php(282): CController->run('index')
#31 C:\OpenServer\yii\framework\web\CWebApplication.php(141): CWebApplication->runController('news/index')
#32 C:\OpenServer\yii\framework\base\CApplication.php(180): CWebApplication->processRequest()
#33 C:\OpenServer\domains\moto\index.php(13): CApplication->run()
#34 {main}
REQUEST_URI=/index.php/news/index
HTTP_REFERER=http://moto/
---
2014/10/14 23:23:05 [error] [exception.CDbException] exception 'CDbException' with message 'CDbConnection failed to open the DB connection: SQLSTATE[42000] [1049] Unknown database 'site_db'' in C:\OpenServer\yii\framework\db\CDbConnection.php:382
Stack trace:
#0 C:\OpenServer\yii\framework\db\CDbConnection.php(330): CDbConnection->open()
#1 C:\OpenServer\yii\framework\db\CDbConnection.php(308): CDbConnection->setActive(true)
#2 C:\OpenServer\yii\framework\base\CModule.php(387): CDbConnection->init()
#3 C:\OpenServer\yii\framework\base\CApplication.php(450): CModule->getComponent('db')
#4 C:\OpenServer\yii\framework\db\ar\CActiveRecord.php(634): CApplication->getDb()
#5 C:\OpenServer\yii\framework\db\ar\CActiveRecord.php(667): CActiveRecord->getDbConnection()
#6 C:\OpenServer\yii\framework\db\ar\CActiveRecord.php(1595): CActiveRecord->getCommandBuilder()
#7 C:\OpenServer\yii\framework\web\CActiveDataProvider.php(228): CActiveRecord->count(Object(CDbCriteria))
#8 C:\OpenServer\yii\framework\web\CDataProvider.php(224): CActiveDataProvider->calculateTotalItemCount()
#9 C:\OpenServer\yii\framework\web\CActiveDataProvider.php(178): CDataProvider->getTotalItemCount()
#10 C:\OpenServer\yii\framework\web\CDataProvider.php(168): CActiveDataProvider->fetchData()
#11 C:\OpenServer\yii\framework\zii\widgets\CBaseListView.php(111): CDataProvider->getData()
#12 C:\OpenServer\yii\framework\zii\widgets\CListView.php(211): CBaseListView->init()
#13 C:\OpenServer\yii\framework\web\CBaseController.php(147): CListView->init()
#14 C:\OpenServer\yii\framework\web\CBaseController.php(172): CBaseController->createWidget('zii.widgets.CLi...', Array)
#15 C:\OpenServer\domains\moto\protected\views\news\index.php(20): CBaseController->widget('zii.widgets.CLi...', Array)
#16 C:\OpenServer\yii\framework\web\CBaseController.php(126): require('C:\OpenServer\d...')
#17 C:\OpenServer\yii\framework\web\CBaseController.php(95): CBaseController->renderInternal('C:\OpenServer\d...', Array, true)
#18 C:\OpenServer\yii\framework\web\CController.php(869): CBaseController->renderFile('C:\OpenServer\d...', Array, true)
#19 C:\OpenServer\yii\framework\web\CController.php(782): CController->renderPartial('index', Array, true)
#20 C:\OpenServer\domains\moto\protected\controllers\NewsController.php(128): CController->render('index', Array)
#21 C:\OpenServer\yii\framework\web\actions\CInlineAction.php(49): NewsController->actionIndex()
#22 C:\OpenServer\yii\framework\web\CController.php(308): CInlineAction->runWithParams(Array)
#23 C:\OpenServer\yii\framework\web\filters\CFilterChain.php(133): CController->runAction(Object(CInlineAction))
#24 C:\OpenServer\yii\framework\web\filters\CFilter.php(40): CFilterChain->run()
#25 C:\OpenServer\yii\framework\web\CController.php(1145): CFilter->filter(Object(CFilterChain))
#26 C:\OpenServer\yii\framework\web\filters\CInlineFilter.php(58): CController->filterAccessControl(Object(CFilterChain))
#27 C:\OpenServer\yii\framework\web\filters\CFilterChain.php(130): CInlineFilter->filter(Object(CFilterChain))
#28 C:\OpenServer\yii\framework\web\CController.php(291): CFilterChain->run()
#29 C:\OpenServer\yii\framework\web\CController.php(265): CController->runActionWithFilters(Object(CInlineAction), Array)
#30 C:\OpenServer\yii\framework\web\CWebApplication.php(282): CController->run('index')
#31 C:\OpenServer\yii\framework\web\CWebApplication.php(141): CWebApplication->runController('news/index')
#32 C:\OpenServer\yii\framework\base\CApplication.php(180): CWebApplication->processRequest()
#33 C:\OpenServer\domains\moto\index.php(13): CApplication->run()
#34 {main}
REQUEST_URI=/index.php/news/index
HTTP_REFERER=http://moto/
---
2014/10/15 00:28:48 [error] [system.db.CDbCommand] CDbCommand::execute() failed: SQLSTATE[23000]: Integrity constraint violation: 1062 Duplicate entry '2' for key 'author_id'. The SQL statement executed was: INSERT INTO `news` (`title`, `content`, `create_date`, `author_id`, `category_id`) VALUES (:yp0, :yp1, :yp2, :yp3, :yp4).
in C:\OpenServer\domains\moto\protected\controllers\NewsController.php (73)
in C:\OpenServer\domains\moto\index.php (13)
2014/10/15 00:28:48 [error] [exception.CDbException] exception 'CDbException' with message 'CDbCommand failed to execute the SQL statement: SQLSTATE[23000]: Integrity constraint violation: 1062 Duplicate entry '2' for key 'author_id'. The SQL statement executed was: INSERT INTO `news` (`title`, `content`, `create_date`, `author_id`, `category_id`) VALUES (:yp0, :yp1, :yp2, :yp3, :yp4)' in C:\OpenServer\yii\framework\db\CDbCommand.php:358
Stack trace:
#0 C:\OpenServer\yii\framework\db\ar\CActiveRecord.php(1077): CDbCommand->execute()
#1 C:\OpenServer\yii\framework\db\ar\CActiveRecord.php(806): CActiveRecord->insert(NULL)
#2 C:\OpenServer\domains\moto\protected\controllers\NewsController.php(73): CActiveRecord->save()
#3 C:\OpenServer\yii\framework\web\actions\CInlineAction.php(49): NewsController->actionCreate()
#4 C:\OpenServer\yii\framework\web\CController.php(308): CInlineAction->runWithParams(Array)
#5 C:\OpenServer\yii\framework\web\filters\CFilterChain.php(133): CController->runAction(Object(CInlineAction))
#6 C:\OpenServer\yii\framework\web\filters\CFilter.php(40): CFilterChain->run()
#7 C:\OpenServer\yii\framework\web\CController.php(1145): CFilter->filter(Object(CFilterChain))
#8 C:\OpenServer\yii\framework\web\filters\CInlineFilter.php(58): CController->filterAccessControl(Object(CFilterChain))
#9 C:\OpenServer\yii\framework\web\filters\CFilterChain.php(130): CInlineFilter->filter(Object(CFilterChain))
#10 C:\OpenServer\yii\framework\web\CController.php(291): CFilterChain->run()
#11 C:\OpenServer\yii\framework\web\CController.php(265): CController->runActionWithFilters(Object(CInlineAction), Array)
#12 C:\OpenServer\yii\framework\web\CWebApplication.php(282): CController->run('create')
#13 C:\OpenServer\yii\framework\web\CWebApplication.php(141): CWebApplication->runController('news/create')
#14 C:\OpenServer\yii\framework\base\CApplication.php(180): CWebApplication->processRequest()
#15 C:\OpenServer\domains\moto\index.php(13): CApplication->run()
#16 {main}
REQUEST_URI=/index.php/news/create
HTTP_REFERER=http://moto/index.php/news/create
---
2014/10/15 00:29:24 [error] [system.db.CDbCommand] CDbCommand::execute() failed: SQLSTATE[23000]: Integrity constraint violation: 1062 Duplicate entry '2' for key 'author_id'. The SQL statement executed was: INSERT INTO `news` (`title`, `content`, `create_date`, `author_id`, `category_id`) VALUES (:yp0, :yp1, :yp2, :yp3, :yp4).
in C:\OpenServer\domains\moto\protected\controllers\NewsController.php (73)
in C:\OpenServer\domains\moto\index.php (13)
2014/10/15 00:29:24 [error] [exception.CDbException] exception 'CDbException' with message 'CDbCommand failed to execute the SQL statement: SQLSTATE[23000]: Integrity constraint violation: 1062 Duplicate entry '2' for key 'author_id'. The SQL statement executed was: INSERT INTO `news` (`title`, `content`, `create_date`, `author_id`, `category_id`) VALUES (:yp0, :yp1, :yp2, :yp3, :yp4)' in C:\OpenServer\yii\framework\db\CDbCommand.php:358
Stack trace:
#0 C:\OpenServer\yii\framework\db\ar\CActiveRecord.php(1077): CDbCommand->execute()
#1 C:\OpenServer\yii\framework\db\ar\CActiveRecord.php(806): CActiveRecord->insert(NULL)
#2 C:\OpenServer\domains\moto\protected\controllers\NewsController.php(73): CActiveRecord->save()
#3 C:\OpenServer\yii\framework\web\actions\CInlineAction.php(49): NewsController->actionCreate()
#4 C:\OpenServer\yii\framework\web\CController.php(308): CInlineAction->runWithParams(Array)
#5 C:\OpenServer\yii\framework\web\filters\CFilterChain.php(133): CController->runAction(Object(CInlineAction))
#6 C:\OpenServer\yii\framework\web\filters\CFilter.php(40): CFilterChain->run()
#7 C:\OpenServer\yii\framework\web\CController.php(1145): CFilter->filter(Object(CFilterChain))
#8 C:\OpenServer\yii\framework\web\filters\CInlineFilter.php(58): CController->filterAccessControl(Object(CFilterChain))
#9 C:\OpenServer\yii\framework\web\filters\CFilterChain.php(130): CInlineFilter->filter(Object(CFilterChain))
#10 C:\OpenServer\yii\framework\web\CController.php(291): CFilterChain->run()
#11 C:\OpenServer\yii\framework\web\CController.php(265): CController->runActionWithFilters(Object(CInlineAction), Array)
#12 C:\OpenServer\yii\framework\web\CWebApplication.php(282): CController->run('create')
#13 C:\OpenServer\yii\framework\web\CWebApplication.php(141): CWebApplication->runController('news/create')
#14 C:\OpenServer\yii\framework\base\CApplication.php(180): CWebApplication->processRequest()
#15 C:\OpenServer\domains\moto\index.php(13): CApplication->run()
#16 {main}
REQUEST_URI=/index.php/news/create
HTTP_REFERER=http://moto/index.php/news/create
---
